Using pre-set license
Built from '2020.3/staging' branch; Version is '2020.3.0f1 (c7b5465681fb) revision 13088070'; Using compiler version '192528614'; Build Type 'Release'
OS: 'Windows 10 Pro N; OS build 19042.1415; Version 2009; 64bit' Language: 'en' Physical Memory: 16330 MB
BatchMode: 1, IsHumanControllingUs: 0, StartBugReporterOnCrash: 0, Is64bit: 1, IsPro: 0

 COMMAND LINE ARGUMENTS:
C:\Program Files\Unity\Hub\Editor\2020.3.0f1\Editor\Unity.exe
-adb2
-batchMode
-noUpm
-name
AssetImportWorker0
-projectPath
C:/Users/Henny/Documents/GitHub/Game
-logFile
Logs/AssetImportWorker0.log
-srvPort
53435
Successfully changed project path to: C:/Users/Henny/Documents/GitHub/Game
C:/Users/Henny/Documents/GitHub/Game
Using Asset Import Pipeline V2.
Unable to join player connection multicast group.

Refreshing native plugins compatible for Editor in 21.64 ms, found 0 plugins.
Preloading 0 native plugins for Editor in 0.00 ms.
Initialize engine version: 2020.3.0f1 (c7b5465681fb)
[Subsystems] Discovering subsystems at path C:/Program Files/Unity/Hub/Editor/2020.3.0f1/Editor/Data/Resources/UnitySubsystems
[Subsystems] Discovering subsystems at path C:/Users/Henny/Documents/GitHub/Game/Assets
GfxDevice: creating device client; threaded=0
Direct3D:
    Version:  Direct3D 11.0 [level 11.1]
    Renderer: NVIDIA GeForce GTX 1080 (ID=0x1b80)
    Vendor:   
    VRAM:     8079 MB
    Driver:   30.0.14.7212
Initialize mono
Mono path[0] = 'C:/Program Files/Unity/Hub/Editor/2020.3.0f1/Editor/Data/Managed'
Mono path[1] = 'C:/Program Files/Unity/Hub/Editor/2020.3.0f1/Editor/Data/MonoBleedingEdge/lib/mono/unityjit'
Mono config path = 'C:/Program Files/Unity/Hub/Editor/2020.3.0f1/Editor/Data/MonoBleedingEdge/etc'
Using monoOptions --debugger-agent=transport=dt_socket,embedding=1,server=y,suspend=n,address=127.0.0.1:56800
Begin MonoManager ReloadAssembly
Registering precompiled unity dll's ...
Register platform support module: C:/Program Files/Unity/Hub/Editor/2020.3.0f1/Editor/Data/PlaybackEngines/WebGLSupport/UnityEditor.WebGL.Extensions.dll
Register platform support module: C:/Program Files/Unity/Hub/Editor/2020.3.0f1/Editor/Data/PlaybackEngines/WindowsStandaloneSupport/UnityEditor.WindowsStandalone.Extensions.dll
Registered in 0.001641 seconds.
Native extension for WindowsStandalone target not found
Native extension for WebGL target not found
Refreshing native plugins compatible for Editor in 22.85 ms, found 0 plugins.
Preloading 0 native plugins for Editor in 0.00 ms.
Invoked RoslynAnalysisRunner static constructor.
RoslynAnalysisRunner will not be running.
RoslynAnalysisRunner has terminated.
Mono: successfully reloaded assembly
- Completed reload, in  2.409 seconds
Platform modules already initialized, skipping
Registering precompiled user dll's ...
Registered in 0.000602 seconds.
Begin MonoManager ReloadAssembly
Native extension for WindowsStandalone target not found
Native extension for WebGL target not found
Refreshing native plugins compatible for Editor in 0.29 ms, found 0 plugins.
Preloading 0 native plugins for Editor in 0.00 ms.
Invoked RoslynAnalysisRunner static constructor.
RoslynAnalysisRunner will not be running.
RoslynAnalysisRunner has terminated.
Mono: successfully reloaded assembly
- Completed reload, in  0.592 seconds
Platform modules already initialized, skipping
========================================================================
Worker process is ready to serve import requests
Launched and connected shader compiler UnityShaderCompiler.exe after 0.03 seconds
Refreshing native plugins compatible for Editor in 0.29 ms, found 0 plugins.
Preloading 0 native plugins for Editor in 0.00 ms.
Unloading 608 Unused Serialized files (Serialized files now loaded: 0)
System memory in use before: 44.1 MB.
System memory in use after: 44.1 MB.

Unloading 2 unused Assets to reduce memory usage. Loaded Objects now: 1049.
Total: 1.379900 ms (FindLiveObjects: 0.089300 ms CreateObjectMapping: 0.017800 ms MarkObjects: 1.223300 ms  DeleteObjects: 0.048600 ms)

========================================================================
Received Import Request.
  path: Assets/Prefabs/PlayerBullet.prefab
  artifactKey: Guid(087a434cba7a8104d9a0a60c6b099c2f) Importer(815301076,1909f56bfc062723c751e8b465ee728b)
Start importing Assets/Prefabs/PlayerBullet.prefab using Guid(087a434cba7a8104d9a0a60c6b099c2f) Importer(815301076,1909f56bfc062723c751e8b465ee728b)  -> (artifact id: '114891c5c9ed31e264aa9c4e851fdb6c') in 0.132587 seconds
  Import took 0.134060 seconds .

========================================================================
Received Import Request.
  Time since last request: 0.000605 seconds.
  path: Assets/Prefabs/EnemyMelee.prefab
  artifactKey: Guid(956e07f11a9d161498face3eacbf7dba) Importer(815301076,1909f56bfc062723c751e8b465ee728b)
Start importing Assets/Prefabs/EnemyMelee.prefab using Guid(956e07f11a9d161498face3eacbf7dba) Importer(815301076,1909f56bfc062723c751e8b465ee728b)  -> (artifact id: 'f793203d81eaf3ac049d832557010f1c') in 0.215130 seconds
  Import took 0.217790 seconds .

========================================================================
Received Import Request.
  Time since last request: 0.000195 seconds.
  path: Assets/Prefabs/Player.prefab
  artifactKey: Guid(e5df3665108808f4fad44f45dae4fcbb) Importer(815301076,1909f56bfc062723c751e8b465ee728b)
Start importing Assets/Prefabs/Player.prefab using Guid(e5df3665108808f4fad44f45dae4fcbb) Importer(815301076,1909f56bfc062723c751e8b465ee728b)  -> (artifact id: '35adf03b989b32d0286c3013e9a0754d') in 0.112002 seconds
  Import took 0.113884 seconds .

========================================================================
Received Import Request.
  Time since last request: 0.000174 seconds.
  path: Assets/Prefabs/ArrowLow.prefab
  artifactKey: Guid(b1c293957d2d7e74c8449be51e018e9a) Importer(815301076,1909f56bfc062723c751e8b465ee728b)
Start importing Assets/Prefabs/ArrowLow.prefab using Guid(b1c293957d2d7e74c8449be51e018e9a) Importer(815301076,1909f56bfc062723c751e8b465ee728b)  -> (artifact id: '811e832c2675cbb69f81b5af416bdfc6') in 0.012920 seconds
  Import took 0.014045 seconds .

========================================================================
Received Import Request.
  Time since last request: 0.000197 seconds.
  path: Assets/Prefabs/FreeLichPBR.prefab
  artifactKey: Guid(32dc173e58b5e314b8ca8ac8a1ba2393) Importer(815301076,1909f56bfc062723c751e8b465ee728b)
Start importing Assets/Prefabs/FreeLichPBR.prefab using Guid(32dc173e58b5e314b8ca8ac8a1ba2393) Importer(815301076,1909f56bfc062723c751e8b465ee728b)  -> (artifact id: 'f925ab87a01acdda70a964dc49318848') in 0.025672 seconds
  Import took 0.027592 seconds .

========================================================================
Received Import Request.
  Time since last request: 0.000195 seconds.
  path: Assets/Prefabs/EnemyRanged.prefab
  artifactKey: Guid(4ac6d4a6351af3143b0e2d3316bb8aad) Importer(815301076,1909f56bfc062723c751e8b465ee728b)
Start importing Assets/Prefabs/EnemyRanged.prefab using Guid(4ac6d4a6351af3143b0e2d3316bb8aad) Importer(815301076,1909f56bfc062723c751e8b465ee728b)  -> (artifact id: 'beab8c0b34e0bf65f247916805bd772d') in 0.083834 seconds
  Import took 0.085514 seconds .

========================================================================
Received Import Request.
  Time since last request: 0.000217 seconds.
  path: Assets/Prefabs/Bullet.prefab
  artifactKey: Guid(22c205186eedc5e44b520af3c0e34c65) Importer(815301076,1909f56bfc062723c751e8b465ee728b)
Start importing Assets/Prefabs/Bullet.prefab using Guid(22c205186eedc5e44b520af3c0e34c65) Importer(815301076,1909f56bfc062723c751e8b465ee728b)  -> (artifact id: 'a41f316596fdb252e7e0435bd4480632') in 0.021843 seconds
  Import took 0.023162 seconds .

========================================================================
Received Import Request.
  Time since last request: 0.000204 seconds.
  path: Assets/Prefabs/Heal.prefab
  artifactKey: Guid(05d37e92cf1e9f040a0a55e5776aff50) Importer(815301076,1909f56bfc062723c751e8b465ee728b)
Start importing Assets/Prefabs/Heal.prefab using Guid(05d37e92cf1e9f040a0a55e5776aff50) Importer(815301076,1909f56bfc062723c751e8b465ee728b)  -> (artifact id: '2b43d08876b8bf274e2222cfe0675090') in 0.008417 seconds
  Import took 0.009512 seconds .

AssetImportWorkerClient::OnTransportError - code=2 error=End of file
